  Source.cpp
C:\Users\kevin\Music\Farmacia_Mucha_Magia\Nodo.h(28,42): warning C5037: "Nodo<T>::Nodo": una definición fuera de línea de un miembro de una plantilla de clase no puede tener argumentos predeterminados
C:\Users\kevin\Music\Farmacia_Mucha_Magia\Utilidades.h(14,47): warning C4267: 'return': conversión de 'size_t' a 'int'; posible pérdida de datos
C:\Users\kevin\Music\Farmacia_Mucha_Magia\Almacen.h(190,79): warning C5037: "Almacen<T>::mostrarOpcion": una definición fuera de línea de un miembro de una plantilla de clase no puede tener argumentos predeterminados
C:\Users\kevin\Music\Farmacia_Mucha_Magia\Source.cpp(9,12): warning C4244: 'argumento': conversión de 'time_t' a 'unsigned int'; posible pérdida de datos
C:\Users\kevin\Music\Farmacia_Mucha_Magia\Medicamento.h(107,59): warning C4267: 'argumento': conversión de 'size_t' a 'T'; posible pérdida de datos
          with
          [
              T=short
          ]
C:\Users\kevin\Music\Farmacia_Mucha_Magia\Medicamento.h(94,1): message : al compilar la función del miembro clase plantilla "void Medicamento<std::string,int,float>::mostrar(short)"
C:\Users\kevin\Music\Farmacia_Mucha_Magia\Almacen.h(106,12): message : vea la primera referencia a “Medicamento<std::string,int,float>::mostrar” en “Almacen<Medicamento<std::string,int,float>>::mostrarPedidos::<lambda_6e63a5ba9914ead1f3d7199f9488b41f>::operator ()”
C:\Users\kevin\Music\Farmacia_Mucha_Magia\Almacen.h(106,3): message : Vea la referencia a la creación de una instancia de clase plantilla "Medicamento<std::string,int,float>" que se está compilando
C:\Users\kevin\Music\Farmacia_Mucha_Magia\Almacen.h(97,1): message : al compilar la función del miembro clase plantilla "void Almacen<Medicamento<std::string,int,float>>::mostrarPedidos(void)"
C:\Users\kevin\Music\Farmacia_Mucha_Magia\Almacen.h(56,17): message : vea la primera referencia a “Almacen<Medicamento<std::string,int,float>>::mostrarPedidos” en “Almacen<Medicamento<std::string,int,float>>::Almacen_menu”
C:\Users\kevin\Music\Farmacia_Mucha_Magia\Tienda.h(68,27): message : vea la primera referencia a “Almacen<Medicamento<std::string,int,float>>::Almacen_menu” en “Tienda::menu”
C:\Users\kevin\Music\Farmacia_Mucha_Magia\Almacen.h(85,1): message : al compilar la función del miembro clase plantilla "Almacen<Medicamento<std::string,int,float>>::Almacen(void)"
C:\Users\kevin\Music\Farmacia_Mucha_Magia\Tienda.h(17,101): message : vea la primera referencia a “Almacen<Medicamento<std::string,int,float>>::Almacen” en “Tienda::Tienda”
C:\Users\kevin\Music\Farmacia_Mucha_Magia\Tienda.h(17,61): message : Vea la referencia a la creación de una instancia de clase plantilla "Almacen<Medicamento<std::string,int,float>>" que se está compilando
C:\Users\kevin\Music\Farmacia_Mucha_Magia\Almacen.h(153,58): warning C4309: 'argumento': truncamiento de valor constante
C:\Users\kevin\Music\Farmacia_Mucha_Magia\Almacen.h(137,1): message : al compilar la función del miembro clase plantilla "void Almacen<Medicamento<std::string,int,float>>::elegirOpcion(void)"
C:\Users\kevin\Music\Farmacia_Mucha_Magia\Almacen.h(178,59): warning C4309: 'argumento': truncamiento de valor constante
C:\Users\kevin\Music\Farmacia_Mucha_Magia\Almacen.h(174,1): message : al compilar la función del miembro clase plantilla "void Almacen<Medicamento<std::string,int,float>>::mostrarBotones(void)"
C:\Users\kevin\Music\Farmacia_Mucha_Magia\Almacen.h(181,25): warning C4267: '+=': conversión de 'size_t' a 'int'; posible pérdida de datos
  Source.obj : se encontró un módulo MSIL; vinculación incremental deshabilitada para MSIL; ejecutando vínculo completo
  FARMACIA_MUCHA_MAGIA.vcxproj -> C:\Users\kevin\Music\Farmacia_Mucha_Magia\x64\Debug\FARMACIA_MUCHA_MAGIA.exe
